{"/Users/andreluizgoncalvesteixeira/Documents/Projects/Personal/at-commerce-backend/src/controllers/user.controller.js": {"path":"/Users/andreluizgoncalvesteixeira/Documents/Projects/Personal/at-commerce-backend/src/controllers/user.controller.js","statementMap":{"0":{"start":{"line":1,"column":25},"end":{"line":1,"column":50}},"1":{"start":{"line":2,"column":15},"end":{"line":2,"column":32}},"2":{"start":{"line":3,"column":15},"end":{"line":3,"column":33}},"3":{"start":{"line":6,"column":13},"end":{"line":36,"column":5}},"4":{"start":{"line":7,"column":39},"end":{"line":7,"column":47}},"5":{"start":{"line":8,"column":8},"end":{"line":10,"column":9}},"6":{"start":{"line":9,"column":12},"end":{"line":9,"column":98}},"7":{"start":{"line":11,"column":23},"end":{"line":11,"column":54}},"8":{"start":{"line":12,"column":8},"end":{"line":35,"column":9}},"9":{"start":{"line":13,"column":31},"end":{"line":17,"column":14}},"10":{"start":{"line":18,"column":12},"end":{"line":22,"column":13}},"11":{"start":{"line":19,"column":16},"end":{"line":21,"column":18}},"12":{"start":{"line":23,"column":12},"end":{"line":28,"column":15}},"13":{"start":{"line":29,"column":12},"end":{"line":29,"column":65}},"14":{"start":{"line":31,"column":12},"end":{"line":34,"column":15}},"15":{"start":{"line":38,"column":12},"end":{"line":64,"column":5}},"16":{"start":{"line":39,"column":39},"end":{"line":39,"column":47}},"17":{"start":{"line":40,"column":8},"end":{"line":42,"column":9}},"18":{"start":{"line":41,"column":12},"end":{"line":41,"column":98}},"19":{"start":{"line":44,"column":8},"end":{"line":63,"column":9}},"20":{"start":{"line":45,"column":27},"end":{"line":49,"column":14}},"21":{"start":{"line":51,"column":12},"end":{"line":56,"column":13}},"22":{"start":{"line":52,"column":16},"end":{"line":55,"column":19}},"23":{"start":{"line":57,"column":12},"end":{"line":57,"column":72}},"24":{"start":{"line":59,"column":12},"end":{"line":62,"column":14}},"25":{"start":{"line":67,"column":0},"end":{"line":67,"column":36}}},"fnMap":{"0":{"name":"(anonymous_0)","decl":{"start":{"line":6,"column":13},"end":{"line":6,"column":14}},"loc":{"start":{"line":6,"column":33},"end":{"line":36,"column":5}},"line":6},"1":{"name":"(anonymous_1)","decl":{"start":{"line":38,"column":12},"end":{"line":38,"column":13}},"loc":{"start":{"line":38,"column":32},"end":{"line":64,"column":5}},"line":38}},"branchMap":{"0":{"loc":{"start":{"line":8,"column":8},"end":{"line":10,"column":9}},"type":"if","locations":[{"start":{"line":8,"column":8},"end":{"line":10,"column":9}},{"start":{},"end":{}}],"line":8},"1":{"loc":{"start":{"line":8,"column":12},"end":{"line":8,"column":34}},"type":"binary-expr","locations":[{"start":{"line":8,"column":12},"end":{"line":8,"column":21}},{"start":{"line":8,"column":25},"end":{"line":8,"column":34}}],"line":8},"2":{"loc":{"start":{"line":18,"column":12},"end":{"line":22,"column":13}},"type":"if","locations":[{"start":{"line":18,"column":12},"end":{"line":22,"column":13}},{"start":{},"end":{}}],"line":18},"3":{"loc":{"start":{"line":40,"column":8},"end":{"line":42,"column":9}},"type":"if","locations":[{"start":{"line":40,"column":8},"end":{"line":42,"column":9}},{"start":{},"end":{}}],"line":40},"4":{"loc":{"start":{"line":40,"column":12},"end":{"line":40,"column":34}},"type":"binary-expr","locations":[{"start":{"line":40,"column":12},"end":{"line":40,"column":21}},{"start":{"line":40,"column":25},"end":{"line":40,"column":34}}],"line":40},"5":{"loc":{"start":{"line":51,"column":12},"end":{"line":56,"column":13}},"type":"if","locations":[{"start":{"line":51,"column":12},"end":{"line":56,"column":13}},{"start":{},"end":{}}],"line":51},"6":{"loc":{"start":{"line":51,"column":16},"end":{"line":51,"column":75}},"type":"binary-expr","locations":[{"start":{"line":51,"column":16},"end":{"line":51,"column":23}},{"start":{"line":51,"column":27},"end":{"line":51,"column":75}}],"line":51}},"s":{"0":1,"1":1,"2":1,"3":9,"4":4,"5":4,"6":1,"7":3,"8":3,"9":3,"10":2,"11":1,"12":1,"13":1,"14":1,"15":9,"16":5,"17":5,"18":1,"19":4,"20":4,"21":3,"22":2,"23":1,"24":1,"25":1},"f":{"0":4,"1":5},"b":{"0":[1,3],"1":[4,3],"2":[1,1],"3":[1,4],"4":[5,4],"5":[2,1],"6":[3,2]},"_coverageSchema":"1a1c01bbd47fc00a2c39e90264f33305004495a9","hash":"19614d19906a77ea1bfdf189b81d039ce425daef"}
}
