{"/Users/andreluizgoncalvesteixeira/Documents/Projects/Personal/at-commerce-backend/src/controllers/product.controller.js": {"path":"/Users/andreluizgoncalvesteixeira/Documents/Projects/Personal/at-commerce-backend/src/controllers/product.controller.js","statementMap":{"0":{"start":{"line":1,"column":25},"end":{"line":1,"column":50}},"1":{"start":{"line":2,"column":15},"end":{"line":2,"column":33}},"2":{"start":{"line":5,"column":13},"end":{"line":33,"column":5}},"3":{"start":{"line":6,"column":31},"end":{"line":6,"column":75}},"4":{"start":{"line":7,"column":55},"end":{"line":7,"column":63}},"5":{"start":{"line":8,"column":30},"end":{"line":8,"column":104}},"6":{"start":{"line":8,"column":62},"end":{"line":8,"column":103}},"7":{"start":{"line":9,"column":8},"end":{"line":14,"column":9}},"8":{"start":{"line":10,"column":12},"end":{"line":13,"column":14}},"9":{"start":{"line":15,"column":8},"end":{"line":32,"column":9}},"10":{"start":{"line":16,"column":31},"end":{"line":23,"column":14}},"11":{"start":{"line":24,"column":12},"end":{"line":27,"column":14}},"12":{"start":{"line":29,"column":12},"end":{"line":31,"column":14}},"13":{"start":{"line":35,"column":13},"end":{"line":59,"column":5}},"14":{"start":{"line":36,"column":23},"end":{"line":36,"column":32}},"15":{"start":{"line":37,"column":21},"end":{"line":37,"column":23}},"16":{"start":{"line":38,"column":8},"end":{"line":45,"column":9}},"17":{"start":{"line":39,"column":12},"end":{"line":44,"column":14}},"18":{"start":{"line":46,"column":8},"end":{"line":58,"column":9}},"19":{"start":{"line":47,"column":29},"end":{"line":49,"column":14}},"20":{"start":{"line":50,"column":12},"end":{"line":52,"column":15}},"21":{"start":{"line":54,"column":12},"end":{"line":57,"column":14}},"22":{"start":{"line":61,"column":17},"end":{"line":103,"column":5}},"23":{"start":{"line":62,"column":31},"end":{"line":62,"column":75}},"24":{"start":{"line":63,"column":28},"end":{"line":63,"column":38}},"25":{"start":{"line":64,"column":55},"end":{"line":64,"column":63}},"26":{"start":{"line":65,"column":30},"end":{"line":65,"column":103}},"27":{"start":{"line":65,"column":61},"end":{"line":65,"column":102}},"28":{"start":{"line":66,"column":8},"end":{"line":71,"column":9}},"29":{"start":{"line":67,"column":12},"end":{"line":70,"column":14}},"30":{"start":{"line":72,"column":8},"end":{"line":102,"column":9}},"31":{"start":{"line":73,"column":34},"end":{"line":77,"column":14}},"32":{"start":{"line":78,"column":12},"end":{"line":82,"column":13}},"33":{"start":{"line":79,"column":16},"end":{"line":81,"column":19}},"34":{"start":{"line":83,"column":35},"end":{"line":92,"column":14}},"35":{"start":{"line":93,"column":12},"end":{"line":96,"column":15}},"36":{"start":{"line":98,"column":12},"end":{"line":101,"column":15}},"37":{"start":{"line":105,"column":16},"end":{"line":130,"column":5}},"38":{"start":{"line":106,"column":8},"end":{"line":129,"column":9}},"39":{"start":{"line":107,"column":36},"end":{"line":119,"column":13}},"40":{"start":{"line":121,"column":12},"end":{"line":123,"column":14}},"41":{"start":{"line":125,"column":12},"end":{"line":128,"column":14}},"42":{"start":{"line":133,"column":0},"end":{"line":133,"column":38}}},"fnMap":{"0":{"name":"(anonymous_0)","decl":{"start":{"line":5,"column":13},"end":{"line":5,"column":14}},"loc":{"start":{"line":5,"column":33},"end":{"line":33,"column":5}},"line":5},"1":{"name":"(anonymous_1)","decl":{"start":{"line":8,"column":52},"end":{"line":8,"column":53}},"loc":{"start":{"line":8,"column":62},"end":{"line":8,"column":103}},"line":8},"2":{"name":"(anonymous_2)","decl":{"start":{"line":35,"column":13},"end":{"line":35,"column":14}},"loc":{"start":{"line":35,"column":33},"end":{"line":59,"column":5}},"line":35},"3":{"name":"(anonymous_3)","decl":{"start":{"line":61,"column":17},"end":{"line":61,"column":18}},"loc":{"start":{"line":61,"column":37},"end":{"line":103,"column":5}},"line":61},"4":{"name":"(anonymous_4)","decl":{"start":{"line":65,"column":52},"end":{"line":65,"column":53}},"loc":{"start":{"line":65,"column":61},"end":{"line":65,"column":102}},"line":65},"5":{"name":"(anonymous_5)","decl":{"start":{"line":105,"column":16},"end":{"line":105,"column":17}},"loc":{"start":{"line":105,"column":36},"end":{"line":130,"column":5}},"line":105}},"branchMap":{"0":{"loc":{"start":{"line":8,"column":62},"end":{"line":8,"column":103}},"type":"binary-expr","locations":[{"start":{"line":8,"column":62},"end":{"line":8,"column":78}},{"start":{"line":8,"column":82},"end":{"line":8,"column":103}}],"line":8},"1":{"loc":{"start":{"line":9,"column":8},"end":{"line":14,"column":9}},"type":"if","locations":[{"start":{"line":9,"column":8},"end":{"line":14,"column":9}},{"start":{},"end":{}}],"line":9},"2":{"loc":{"start":{"line":38,"column":8},"end":{"line":45,"column":9}},"type":"if","locations":[{"start":{"line":38,"column":8},"end":{"line":45,"column":9}},{"start":{},"end":{}}],"line":38},"3":{"loc":{"start":{"line":65,"column":61},"end":{"line":65,"column":102}},"type":"binary-expr","locations":[{"start":{"line":65,"column":61},"end":{"line":65,"column":77}},{"start":{"line":65,"column":81},"end":{"line":65,"column":102}}],"line":65},"4":{"loc":{"start":{"line":66,"column":8},"end":{"line":71,"column":9}},"type":"if","locations":[{"start":{"line":66,"column":8},"end":{"line":71,"column":9}},{"start":{},"end":{}}],"line":66},"5":{"loc":{"start":{"line":78,"column":12},"end":{"line":82,"column":13}},"type":"if","locations":[{"start":{"line":78,"column":12},"end":{"line":82,"column":13}},{"start":{},"end":{}}],"line":78}},"s":{"0":1,"1":1,"2":12,"3":3,"4":3,"5":3,"6":12,"7":3,"8":1,"9":2,"10":2,"11":1,"12":1,"13":12,"14":3,"15":3,"16":3,"17":2,"18":3,"19":3,"20":2,"21":1,"22":12,"23":4,"24":4,"25":4,"26":4,"27":12,"28":4,"29":1,"30":3,"31":3,"32":2,"33":1,"34":1,"35":1,"36":1,"37":12,"38":2,"39":2,"40":1,"41":1,"42":1},"f":{"0":3,"1":12,"2":3,"3":4,"4":12,"5":2},"b":{"0":[12,2],"1":[1,2],"2":[2,1],"3":[12,2],"4":[1,3],"5":[1,1]},"_coverageSchema":"1a1c01bbd47fc00a2c39e90264f33305004495a9","hash":"9309b4ee87aa49151d273fb9d2ab8223c101062a"}
,"/Users/andreluizgoncalvesteixeira/Documents/Projects/Personal/at-commerce-backend/src/controllers/user.controller.js": {"path":"/Users/andreluizgoncalvesteixeira/Documents/Projects/Personal/at-commerce-backend/src/controllers/user.controller.js","statementMap":{"0":{"start":{"line":1,"column":25},"end":{"line":1,"column":50}},"1":{"start":{"line":2,"column":15},"end":{"line":2,"column":32}},"2":{"start":{"line":3,"column":15},"end":{"line":3,"column":33}},"3":{"start":{"line":6,"column":13},"end":{"line":36,"column":5}},"4":{"start":{"line":7,"column":39},"end":{"line":7,"column":47}},"5":{"start":{"line":8,"column":8},"end":{"line":10,"column":9}},"6":{"start":{"line":9,"column":12},"end":{"line":9,"column":98}},"7":{"start":{"line":11,"column":23},"end":{"line":11,"column":54}},"8":{"start":{"line":12,"column":8},"end":{"line":35,"column":9}},"9":{"start":{"line":13,"column":31},"end":{"line":17,"column":14}},"10":{"start":{"line":18,"column":12},"end":{"line":22,"column":13}},"11":{"start":{"line":19,"column":16},"end":{"line":21,"column":18}},"12":{"start":{"line":23,"column":12},"end":{"line":28,"column":15}},"13":{"start":{"line":29,"column":12},"end":{"line":29,"column":65}},"14":{"start":{"line":31,"column":12},"end":{"line":34,"column":15}},"15":{"start":{"line":38,"column":12},"end":{"line":64,"column":5}},"16":{"start":{"line":39,"column":39},"end":{"line":39,"column":47}},"17":{"start":{"line":40,"column":8},"end":{"line":42,"column":9}},"18":{"start":{"line":41,"column":12},"end":{"line":41,"column":98}},"19":{"start":{"line":44,"column":8},"end":{"line":63,"column":9}},"20":{"start":{"line":45,"column":27},"end":{"line":49,"column":14}},"21":{"start":{"line":51,"column":12},"end":{"line":56,"column":13}},"22":{"start":{"line":52,"column":16},"end":{"line":55,"column":19}},"23":{"start":{"line":57,"column":12},"end":{"line":57,"column":72}},"24":{"start":{"line":59,"column":12},"end":{"line":62,"column":14}},"25":{"start":{"line":67,"column":0},"end":{"line":67,"column":36}}},"fnMap":{"0":{"name":"(anonymous_0)","decl":{"start":{"line":6,"column":13},"end":{"line":6,"column":14}},"loc":{"start":{"line":6,"column":33},"end":{"line":36,"column":5}},"line":6},"1":{"name":"(anonymous_1)","decl":{"start":{"line":38,"column":12},"end":{"line":38,"column":13}},"loc":{"start":{"line":38,"column":32},"end":{"line":64,"column":5}},"line":38}},"branchMap":{"0":{"loc":{"start":{"line":8,"column":8},"end":{"line":10,"column":9}},"type":"if","locations":[{"start":{"line":8,"column":8},"end":{"line":10,"column":9}},{"start":{},"end":{}}],"line":8},"1":{"loc":{"start":{"line":8,"column":12},"end":{"line":8,"column":34}},"type":"binary-expr","locations":[{"start":{"line":8,"column":12},"end":{"line":8,"column":21}},{"start":{"line":8,"column":25},"end":{"line":8,"column":34}}],"line":8},"2":{"loc":{"start":{"line":18,"column":12},"end":{"line":22,"column":13}},"type":"if","locations":[{"start":{"line":18,"column":12},"end":{"line":22,"column":13}},{"start":{},"end":{}}],"line":18},"3":{"loc":{"start":{"line":40,"column":8},"end":{"line":42,"column":9}},"type":"if","locations":[{"start":{"line":40,"column":8},"end":{"line":42,"column":9}},{"start":{},"end":{}}],"line":40},"4":{"loc":{"start":{"line":40,"column":12},"end":{"line":40,"column":34}},"type":"binary-expr","locations":[{"start":{"line":40,"column":12},"end":{"line":40,"column":21}},{"start":{"line":40,"column":25},"end":{"line":40,"column":34}}],"line":40},"5":{"loc":{"start":{"line":51,"column":12},"end":{"line":56,"column":13}},"type":"if","locations":[{"start":{"line":51,"column":12},"end":{"line":56,"column":13}},{"start":{},"end":{}}],"line":51},"6":{"loc":{"start":{"line":51,"column":16},"end":{"line":51,"column":75}},"type":"binary-expr","locations":[{"start":{"line":51,"column":16},"end":{"line":51,"column":23}},{"start":{"line":51,"column":27},"end":{"line":51,"column":75}}],"line":51}},"s":{"0":1,"1":1,"2":1,"3":9,"4":4,"5":4,"6":1,"7":3,"8":3,"9":3,"10":2,"11":1,"12":1,"13":1,"14":1,"15":9,"16":5,"17":5,"18":1,"19":4,"20":4,"21":3,"22":2,"23":1,"24":1,"25":1},"f":{"0":4,"1":5},"b":{"0":[1,3],"1":[4,3],"2":[1,1],"3":[1,4],"4":[5,4],"5":[2,1],"6":[3,2]},"_coverageSchema":"1a1c01bbd47fc00a2c39e90264f33305004495a9","hash":"19614d19906a77ea1bfdf189b81d039ce425daef"}
}
