TN:
SF:src/controllers/product.controller.js
FN:5,(anonymous_0)
FN:8,(anonymous_1)
FN:35,(anonymous_2)
FN:61,(anonymous_3)
FN:65,(anonymous_4)
FN:105,(anonymous_5)
FNF:6
FNH:6
FNDA:3,(anonymous_0)
FNDA:12,(anonymous_1)
FNDA:3,(anonymous_2)
FNDA:4,(anonymous_3)
FNDA:12,(anonymous_4)
FNDA:2,(anonymous_5)
DA:1,1
DA:2,1
DA:5,12
DA:6,3
DA:7,3
DA:8,12
DA:9,3
DA:10,1
DA:15,2
DA:16,2
DA:24,1
DA:29,1
DA:35,12
DA:36,3
DA:37,3
DA:38,3
DA:39,2
DA:46,3
DA:47,3
DA:50,2
DA:54,1
DA:61,12
DA:62,4
DA:63,4
DA:64,4
DA:65,12
DA:66,4
DA:67,1
DA:72,3
DA:73,3
DA:78,2
DA:79,1
DA:83,1
DA:93,1
DA:98,1
DA:105,12
DA:106,2
DA:107,2
DA:121,1
DA:125,1
DA:133,1
LF:41
LH:41
BRDA:8,0,0,12
BRDA:8,0,1,2
BRDA:9,1,0,1
BRDA:9,1,1,2
BRDA:38,2,0,2
BRDA:38,2,1,1
BRDA:65,3,0,12
BRDA:65,3,1,2
BRDA:66,4,0,1
BRDA:66,4,1,3
BRDA:78,5,0,1
BRDA:78,5,1,1
BRF:12
BRH:12
end_of_record
TN:
SF:src/controllers/user.controller.js
FN:6,(anonymous_0)
FN:38,(anonymous_1)
FNF:2
FNH:2
FNDA:4,(anonymous_0)
FNDA:5,(anonymous_1)
DA:1,1
DA:2,1
DA:3,1
DA:6,9
DA:7,4
DA:8,4
DA:9,1
DA:11,3
DA:12,3
DA:13,3
DA:18,2
DA:19,1
DA:23,1
DA:29,1
DA:31,1
DA:38,9
DA:39,5
DA:40,5
DA:41,1
DA:44,4
DA:45,4
DA:51,3
DA:52,2
DA:57,1
DA:59,1
DA:67,1
LF:26
LH:26
BRDA:8,0,0,1
BRDA:8,0,1,3
BRDA:8,1,0,4
BRDA:8,1,1,3
BRDA:18,2,0,1
BRDA:18,2,1,1
BRDA:40,3,0,1
BRDA:40,3,1,4
BRDA:40,4,0,5
BRDA:40,4,1,4
BRDA:51,5,0,2
BRDA:51,5,1,1
BRDA:51,6,0,3
BRDA:51,6,1,2
BRF:14
BRH:14
end_of_record
