TN:
SF:src/controllers/user.controller.js
FN:6,(anonymous_0)
FN:38,(anonymous_1)
FNF:2
FNH:2
FNDA:4,(anonymous_0)
FNDA:5,(anonymous_1)
DA:1,1
DA:2,1
DA:3,1
DA:6,9
DA:7,4
DA:8,4
DA:9,1
DA:11,3
DA:12,3
DA:13,3
DA:18,2
DA:19,1
DA:23,1
DA:29,1
DA:31,1
DA:38,9
DA:39,5
DA:40,5
DA:41,1
DA:44,4
DA:45,4
DA:51,3
DA:52,2
DA:57,1
DA:59,1
DA:67,1
LF:26
LH:26
BRDA:8,0,0,1
BRDA:8,0,1,3
BRDA:8,1,0,4
BRDA:8,1,1,3
BRDA:18,2,0,1
BRDA:18,2,1,1
BRDA:40,3,0,1
BRDA:40,3,1,4
BRDA:40,4,0,5
BRDA:40,4,1,4
BRDA:51,5,0,2
BRDA:51,5,1,1
BRDA:51,6,0,3
BRDA:51,6,1,2
BRF:14
BRH:14
end_of_record
